<?xml version="1.0" encoding="UTF-8"?>
<!-- Generated by org.testng.reporters.JUnitReportReporter -->
<testsuite hostname="AZ-AAGeneral" failures="0" tests="3" name="Pilot.Tester" time="4.704" errors="0" timestamp="2022-08-22T11:41:04 EDT" skipped="0">
  <testcase classname="Pilot.Tester" name="priority" time="0.006"/>
  <system-out/>
  <testcase classname="Pilot.Tester" name="regression" time="0.000"/>
  <system-out/>
  <testcase classname="Pilot.Tester" name="launchBrowser" time="4.698"/>
  <system-out/>
</testsuite> <!-- Pilot.Tester -->
