<?xml version="1.0" encoding="UTF-8"?>
<!-- Generated by org.testng.reporters.JUnitReportReporter -->
<testsuite hostname="AZ-AAGeneral" failures="0" tests="3" name="Pilot.Tester" time="6.206" errors="0" timestamp="2022-08-23T08:54:33 EDT" skipped="0">
  <testcase classname="Pilot.Tester" name="priority" time="0.007"/>
  <system-out/>
  <testcase classname="Pilot.Tester" name="regression" time="0.001"/>
  <system-out/>
  <testcase classname="Pilot.Tester" name="launchBrowser" time="6.198"/>
  <system-out/>
</testsuite> <!-- Pilot.Tester -->
